<?xml version="1.0" encoding="UTF-8"?>
<!-- Generated by org.testng.reporters.JUnitXMLReporter -->
<testsuite ignored="0" hostname="LAPTOP-H00KO0QQ" failures="1" tests="9" name="Regression" time="0.051" errors="0" timestamp="12 Oct 2020 13:35:26 GMT">
  <testcase classname="com.testcases.Regression.FirstTest" name="TC1" time="0.008"/>
  <testcase classname="com.testcases.Regression.FirstTest" name="TC2" time="0.002">
    <failure type="java.lang.AssertionError" message="expected [true] but found [false]">
      <![CDATA[java.lang.AssertionError: expected [true] but found [false]
at com.testcases.Regression.FirstTest.TC2(FirstTest.java:20)
... Removed 29 stack frames]]>
    </failure>
  </testcase> <!-- TC2 -->
  <testcase classname="com.testcases.Regression.FirstTest" name="TC3" time="0.001"/>
  <testcase classname="com.testcases.Regression.SecondTest" name="TC4" time="0.001"/>
  <testcase classname="com.testcases.Regression.SecondTest" name="TC5" time="0.001"/>
  <testcase classname="com.testcases.Regression.SecondTest" name="TC6" time="0.001"/>
  <testcase classname="com.testcases.Regression.ThirdTest" name="TC7" time="0.001"/>
  <testcase classname="com.testcases.Regression.ThirdTest" name="TC8" time="0.001"/>
  <testcase classname="com.testcases.Regression.ThirdTest" name="TC9" time="0.001"/>
</testsuite> <!-- Regression -->
